app/build/intermediates/manifest_merge_blame_file/debug/processDebugMainManifest/manifest-merger-blame-debug-report.txt
1<?xml version="1.0" encoding="utf-8"?>
2<manifest xmlns:android="http://schemas.android.com/apk/res/android"
3    package="dhp.thl.tpl.vkn.spotify"
4    android:versionCode="1"
5    android:versionName="1.0" >
6
7    <uses-sdk
8        android:minSdkVersion="24"
9        android:targetSdkVersion="37" />
10
11    <uses-permission android:name="android.permission.SYSTEM_ALERT_WINDOW" />
11-->src/main/AndroidManifest.xml:4:5-78
11-->src/main/AndroidManifest.xml:4:22-75
12    <uses-permission android:name="android.permission.FOREGROUND_SERVICE" />
12-->src/main/AndroidManifest.xml:5:5-77
12-->src/main/AndroidManifest.xml:5:22-74
13    <uses-permission android:name="android.permission.FOREGROUND_SERVICE_SPECIAL_USE" />
13-->src/main/AndroidManifest.xml:6:5-89
13-->src/main/AndroidManifest.xml:6:22-86
14    <uses-permission android:name="android.permission.POST_NOTIFICATIONS" />
14-->src/main/AndroidManifest.xml:7:5-77
14-->src/main/AndroidManifest.xml:7:22-74
15
16    <!-- Required on Android 11+ to query and launch external packages -->
17    <queries>
17-->src/main/AndroidManifest.xml:10:5-21:15
18        <package android:name="com.spotify.music" />
18-->src/main/AndroidManifest.xml:11:9-53
18-->src/main/AndroidManifest.xml:11:18-50
19        <package android:name="com.spotiduck.music" />
19-->src/main/AndroidManifest.xml:12:9-55
19-->src/main/AndroidManifest.xml:12:18-52
20        <package android:name="com.fps23.spotiduck" />
20-->src/main/AndroidManifest.xml:13:9-55
20-->src/main/AndroidManifest.xml:13:18-52
21
22        <intent>
22-->src/main/AndroidManifest.xml:14:9-16:18
23            <action android:name="android.intent.action.MAIN" />
23-->src/main/AndroidManifest.xml:15:13-65
23-->src/main/AndroidManifest.xml:15:21-62
24        </intent>
25        <intent>
25-->src/main/AndroidManifest.xml:17:9-20:18
26            <action android:name="android.intent.action.VIEW" />
26-->src/main/AndroidManifest.xml:18:13-65
26-->src/main/AndroidManifest.xml:18:21-62
27
28            <data android:scheme="https" />
28-->src/main/AndroidManifest.xml:19:13-44
28-->src/main/AndroidManifest.xml:19:19-41
29        </intent>
30    </queries>
31
32    <permission
32-->[androidx.core:core:1.13.1] AndroidManifest.xml:22:5-24:47
33        android:name="dhp.thl.tpl.vkn.spotify.DYNAMIC_RECEIVER_NOT_EXPORTED_PERMISSION"
33-->[androidx.core:core:1.13.1] AndroidManifest.xml:23:9-81
34        android:protectionLevel="signature" />
34-->[androidx.core:core:1.13.1] AndroidManifest.xml:24:9-44
35
36    <uses-permission android:name="dhp.thl.tpl.vkn.spotify.DYNAMIC_RECEIVER_NOT_EXPORTED_PERMISSION" />
36-->[androidx.core:core:1.13.1] AndroidManifest.xml:26:5-97
36-->[androidx.core:core:1.13.1] AndroidManifest.xml:26:22-94
37
38    <application
38-->src/main/AndroidManifest.xml:23:5-80:19
39        android:allowBackup="true"
39-->src/main/AndroidManifest.xml:24:9-35
40        android:appComponentFactory="androidx.core.app.CoreComponentFactory"
40-->[androidx.core:core:1.13.1] AndroidManifest.xml:28:18-86
41        android:debuggable="true"
42        android:extractNativeLibs="false"
43        android:icon="@mipmap/ic_launcher"
43-->src/main/AndroidManifest.xml:25:9-43
44        android:label="@string/app_name"
44-->src/main/AndroidManifest.xml:26:9-41
45        android:localeConfig="@xml/locales_config"
45-->src/main/AndroidManifest.xml:27:9-51
46        android:roundIcon="@mipmap/ic_launcher_round"
46-->src/main/AndroidManifest.xml:28:9-54
47        android:supportsRtl="true"
47-->src/main/AndroidManifest.xml:29:9-35
48        android:theme="@style/Theme.SpotifyStarter" >
48-->src/main/AndroidManifest.xml:30:9-52
49
50        <!-- Main Launcher Activity -->
51        <activity
51-->src/main/AndroidManifest.xml:33:9-48:20
52            android:name="dhp.thl.tpl.vkn.spotify.MainActivity"
52-->src/main/AndroidManifest.xml:34:13-41
53            android:excludeFromRecents="true"
53-->src/main/AndroidManifest.xml:36:13-46
54            android:exported="true"
54-->src/main/AndroidManifest.xml:35:13-36
55            android:noHistory="true"
55-->src/main/AndroidManifest.xml:37:13-37
56            android:theme="@style/Theme.SpotifyStarter.Transparent" >
56-->src/main/AndroidManifest.xml:38:13-68
57            <intent-filter>
57-->src/main/AndroidManifest.xml:39:13-42:29
58                <action android:name="android.intent.action.MAIN" />
58-->src/main/AndroidManifest.xml:15:13-65
58-->src/main/AndroidManifest.xml:15:21-62
59
60                <category android:name="android.intent.category.LAUNCHER" />
60-->src/main/AndroidManifest.xml:41:17-77
60-->src/main/AndroidManifest.xml:41:27-74
61            </intent-filter>
62
63            <!-- App icon long-press shortcuts -->
64            <meta-data
64-->src/main/AndroidManifest.xml:45:13-47:53
65                android:name="android.app.shortcuts"
65-->src/main/AndroidManifest.xml:46:17-53
66                android:resource="@xml/shortcuts" />
66-->src/main/AndroidManifest.xml:47:17-50
67        </activity>
68
69        <!-- Settings Activity: Hooked into System Settings "More app settings" -->
70        <activity
70-->src/main/AndroidManifest.xml:51:9-61:20
71            android:name="dhp.thl.tpl.vkn.spotify.SettingsActivity"
71-->src/main/AndroidManifest.xml:52:13-45
72            android:exported="true"
72-->src/main/AndroidManifest.xml:53:13-36
73            android:label="@string/settings_title"
73-->src/main/AndroidManifest.xml:54:13-51
74            android:theme="@style/Theme.SpotifyStarter" >
74-->src/main/AndroidManifest.xml:55:13-56
75
76            <!-- Enables "Settings > Apps > Spotify Starter > More app settings" -->
77            <intent-filter>
77-->src/main/AndroidManifest.xml:57:13-60:29
78                <action android:name="android.intent.action.APPLICATION_PREFERENCES" />
78-->src/main/AndroidManifest.xml:58:17-88
78-->src/main/AndroidManifest.xml:58:25-85
79
80                <category android:name="android.intent.category.DEFAULT" />
80-->src/main/AndroidManifest.xml:59:17-76
80-->src/main/AndroidManifest.xml:59:27-73
81            </intent-filter>
82        </activity>
83
84        <!-- Floating Overlay Service -->
85        <service
85-->src/main/AndroidManifest.xml:64:9-68:58
86            android:name="dhp.thl.tpl.vkn.spotify.FloatingOverlayService"
86-->src/main/AndroidManifest.xml:65:13-51
87            android:enabled="true"
87-->src/main/AndroidManifest.xml:66:13-35
88            android:exported="false"
88-->src/main/AndroidManifest.xml:67:13-37
89            android:foregroundServiceType="specialUse" />
89-->src/main/AndroidManifest.xml:68:13-55
90
91        <!-- Notification Listener — stub that enables MediaSessionManager queries -->
92        <service
92-->src/main/AndroidManifest.xml:71:9-78:19
93            android:name="dhp.thl.tpl.vkn.spotify.MediaNotificationListener"
93-->src/main/AndroidManifest.xml:72:13-54
94            android:exported="true"
94-->src/main/AndroidManifest.xml:73:13-36
95            android:permission="android.permission.BIND_NOTIFICATION_LISTENER_SERVICE" >
95-->src/main/AndroidManifest.xml:74:13-87
96            <intent-filter>
96-->src/main/AndroidManifest.xml:75:13-77:29
97                <action android:name="android.service.notification.NotificationListenerService" />
97-->src/main/AndroidManifest.xml:76:17-99
97-->src/main/AndroidManifest.xml:76:25-96
98            </intent-filter>
99        </service>
100
101        <provider
101-->[androidx.emoji2:emoji2:1.3.0] AndroidManifest.xml:24:9-32:20
102            android:name="androidx.startup.InitializationProvider"
102-->[androidx.emoji2:emoji2:1.3.0] AndroidManifest.xml:25:13-67
103            android:authorities="dhp.thl.tpl.vkn.spotify.androidx-startup"
103-->[androidx.emoji2:emoji2:1.3.0] AndroidManifest.xml:26:13-68
104            android:exported="false" >
104-->[androidx.emoji2:emoji2:1.3.0] AndroidManifest.xml:27:13-37
105            <meta-data
105-->[androidx.emoji2:emoji2:1.3.0] AndroidManifest.xml:29:13-31:52
106                android:name="androidx.emoji2.text.EmojiCompatInitializer"
106-->[androidx.emoji2:emoji2:1.3.0] AndroidManifest.xml:30:17-75
107                android:value="androidx.startup" />
107-->[androidx.emoji2:emoji2:1.3.0] AndroidManifest.xml:31:17-49
108            <meta-data
108-->[androidx.lifecycle:lifecycle-process:2.6.2] AndroidManifest.xml:29:13-31:52
109                android:name="androidx.lifecycle.ProcessLifecycleInitializer"
109-->[androidx.lifecycle:lifecycle-process:2.6.2] AndroidManifest.xml:30:17-78
110                android:value="androidx.startup" />
110-->[androidx.lifecycle:lifecycle-process:2.6.2] AndroidManifest.xml:31:17-49
111            <meta-data
111-->[androidx.profileinstaller:profileinstaller:1.3.1] AndroidManifest.xml:29:13-31:52
112                android:name="androidx.profileinstaller.ProfileInstallerInitializer"
112-->[androidx.profileinstaller:profileinstaller:1.3.1] AndroidManifest.xml:30:17-85
113                android:value="androidx.startup" />
113-->[androidx.profileinstaller:profileinstaller:1.3.1] AndroidManifest.xml:31:17-49
114        </provider>
115
116        <uses-library
116-->[androidx.window:window:1.0.0] AndroidManifest.xml:25:9-27:40
117            android:name="androidx.window.extensions"
117-->[androidx.window:window:1.0.0] AndroidManifest.xml:26:13-54
118            android:required="false" />
118-->[androidx.window:window:1.0.0] AndroidManifest.xml:27:13-37
119        <uses-library
119-->[androidx.window:window:1.0.0] AndroidManifest.xml:28:9-30:40
120            android:name="androidx.window.sidecar"
120-->[androidx.window:window:1.0.0] AndroidManifest.xml:29:13-51
121            android:required="false" />
121-->[androidx.window:window:1.0.0] AndroidManifest.xml:30:13-37
122
123        <receiver
123-->[androidx.profileinstaller:profileinstaller:1.3.1] AndroidManifest.xml:34:9-52:20
124            android:name="androidx.profileinstaller.ProfileInstallReceiver"
124-->[androidx.profileinstaller:profileinstaller:1.3.1] AndroidManifest.xml:35:13-76
125            android:directBootAware="false"
125-->[androidx.profileinstaller:profileinstaller:1.3.1] AndroidManifest.xml:36:13-44
126            android:enabled="true"
126-->[androidx.profileinstaller:profileinstaller:1.3.1] AndroidManifest.xml:37:13-35
127            android:exported="true"
127-->[androidx.profileinstaller:profileinstaller:1.3.1] AndroidManifest.xml:38:13-36
128            android:permission="android.permission.DUMP" >
128-->[androidx.profileinstaller:profileinstaller:1.3.1] AndroidManifest.xml:39:13-57
129            <intent-filter>
129-->[androidx.profileinstaller:profileinstaller:1.3.1] AndroidManifest.xml:40:13-42:29
130                <action android:name="androidx.profileinstaller.action.INSTALL_PROFILE" />
130-->[androidx.profileinstaller:profileinstaller:1.3.1] AndroidManifest.xml:41:17-91
130-->[androidx.profileinstaller:profileinstaller:1.3.1] AndroidManifest.xml:41:25-88
131            </intent-filter>
132            <intent-filter>
132-->[androidx.profileinstaller:profileinstaller:1.3.1] AndroidManifest.xml:43:13-45:29
133                <action android:name="androidx.profileinstaller.action.SKIP_FILE" />
133-->[androidx.profileinstaller:profileinstaller:1.3.1] AndroidManifest.xml:44:17-85
133-->[androidx.profileinstaller:profileinstaller:1.3.1] AndroidManifest.xml:44:25-82
134            </intent-filter>
135            <intent-filter>
135-->[androidx.profileinstaller:profileinstaller:1.3.1] AndroidManifest.xml:46:13-48:29
136                <action android:name="androidx.profileinstaller.action.SAVE_PROFILE" />
136-->[androidx.profileinstaller:profileinstaller:1.3.1] AndroidManifest.xml:47:17-88
136-->[androidx.profileinstaller:profileinstaller:1.3.1] AndroidManifest.xml:47:25-85
137            </intent-filter>
138            <intent-filter>
138-->[androidx.profileinstaller:profileinstaller:1.3.1] AndroidManifest.xml:49:13-51:29
139                <action android:name="androidx.profileinstaller.action.BENCHMARK_OPERATION" />
139-->[androidx.profileinstaller:profileinstaller:1.3.1] AndroidManifest.xml:50:17-95
139-->[androidx.profileinstaller:profileinstaller:1.3.1] AndroidManifest.xml:50:25-92
140            </intent-filter>
141        </receiver>
142    </application>
143
144</manifest>